2025-03-18 14:47:08,769 - INFO - Loaded 148 pitchers from Starting_Pitchers_IDs.csv
2025-03-18 14:47:08,770 - INFO - Starting async scraper with 20 concurrent connections
2025-03-18 14:47:08,770 - INFO - Rate limit: 10 requests/second
2025-03-18 14:47:08,997 - INFO - Backing off _fetch(...) for 0.6s (aiohttp.client_exceptions.ClientResponseError: 403, message='Forbidden', url='https://www.baseball-reference.com/players/gl.fcgi?id=berrijo01&t=p&year=2023')
2025-03-18 14:47:09,000 - INFO - Backing off _fetch(...) for 0.1s (aiohttp.client_exceptions.ClientResponseError: 403, message='Forbidden', url='https://www.baseball-reference.com/players/gl.fcgi?id=gausmke01&t=p&year=2022')
2025-03-18 14:47:09,100 - INFO - Backing off _fetch(...) for 0.0s (aiohttp.client_exceptions.ClientResponseError: 403, message='Forbidden', url='https://www.baseball-reference.com/players/gl.fcgi?id=berrijo01&t=p&year=2021')
2025-03-18 14:47:09,113 - INFO - Backing off _fetch(...) for 0.4s (aiohttp.client_exceptions.ClientResponseError: 403, message='Forbidden', url='https://www.baseball-reference.com/players/gl.fcgi?id=gausmke01&t=p&year=2024')
2025-03-18 14:47:09,168 - INFO - Backing off _fetch(...) for 0.4s (aiohttp.client_exceptions.ClientResponseError: 403, message='Forbidden', url='https://www.baseball-reference.com/players/gl.fcgi?id=gausmke01&t=p&year=2021')
2025-03-18 14:47:09,175 - INFO - Backing off _fetch(...) for 0.2s (aiohttp.client_exceptions.ClientResponseError: 403, message='Forbidden', url='https://www.baseball-reference.com/players/gl.fcgi?id=gausmke01&t=p&year=2023')
2025-03-18 14:47:09,202 - INFO - Backing off _fetch(...) for 0.1s (aiohttp.client_exceptions.ClientResponseError: 403, message='Forbidden', url='https://www.baseball-reference.com/players/gl.fcgi?id=berrijo01&t=p&year=2022')
2025-03-18 14:47:09,296 - INFO - Backing off _fetch(...) for 0.9s (aiohttp.client_exceptions.ClientResponseError: 403, message='Forbidden', url='https://www.baseball-reference.com/players/gl.fcgi?id=gausmke01&t=p&year=2020')
2025-03-18 14:47:09,322 - INFO - Backing off _fetch(...) for 1.0s (aiohttp.client_exceptions.ClientResponseError: 403, message='Forbidden', url='https://www.baseball-reference.com/players/gl.fcgi?id=berrijo01&t=p&year=2020')
2025-03-18 14:47:09,341 - INFO - Backing off _fetch(...) for 0.5s (aiohttp.client_exceptions.ClientResponseError: 403, message='Forbidden', url='https://www.baseball-reference.com/players/gl.fcgi?id=berrijo01&t=p&year=2024')
2025-03-18 14:47:09,975 - INFO - Backing off _fetch(...) for 0.6s (aiohttp.client_exceptions.ClientResponseError: 403, message='Forbidden', url='https://www.baseball-reference.com/players/gl.fcgi?id=bassich01&t=p&year=2020')
2025-03-18 14:47:10,044 - INFO - Backing off _fetch(...) for 0.4s (aiohttp.client_exceptions.ClientResponseError: 403, message='Forbidden', url='https://www.baseball-reference.com/players/gl.fcgi?id=bassich01&t=p&year=2021')
2025-03-18 14:47:10,051 - INFO - Backing off _fetch(...) for 0.8s (aiohttp.client_exceptions.ClientResponseError: 403, message='Forbidden', url='https://www.baseball-reference.com/players/gl.fcgi?id=scherma01&t=p&year=2020')
2025-03-18 14:47:10,059 - INFO - Backing off _fetch(...) for 0.0s (aiohttp.client_exceptions.ClientResponseError: 403, message='Forbidden', url='https://www.baseball-reference.com/players/gl.fcgi?id=gausmke01&t=p&year=2022')
2025-03-18 14:47:10,151 - INFO - Backing off _fetch(...) for 0.3s (aiohttp.client_exceptions.ClientResponseError: 403, message='Forbidden', url='https://www.baseball-reference.com/players/gl.fcgi?id=bassich01&t=p&year=2022')
2025-03-18 14:47:10,204 - INFO - Backing off _fetch(...) for 1.4s (aiohttp.client_exceptions.ClientResponseError: 403, message='Forbidden', url='https://www.baseball-reference.com/players/gl.fcgi?id=berrijo01&t=p&year=2021')
2025-03-18 14:47:10,272 - INFO - Backing off _fetch(...) for 0.4s (aiohttp.client_exceptions.ClientResponseError: 403, message='Forbidden', url='https://www.baseball-reference.com/players/gl.fcgi?id=bassich01&t=p&year=2024')
2025-03-18 14:47:10,274 - INFO - Backing off _fetch(...) for 1.2s (aiohttp.client_exceptions.ClientResponseError: 403, message='Forbidden', url='https://www.baseball-reference.com/players/gl.fcgi?id=gausmke01&t=p&year=2024')
2025-03-18 14:47:10,274 - INFO - Backing off _fetch(...) for 0.9s (aiohttp.client_exceptions.ClientResponseError: 403, message='Forbidden', url='https://www.baseball-reference.com/players/gl.fcgi?id=bassich01&t=p&year=2023')
2025-03-18 14:47:10,372 - INFO - Backing off _fetch(...) for 1.6s (aiohttp.client_exceptions.ClientResponseError: 403, message='Forbidden', url='https://www.baseball-reference.com/players/gl.fcgi?id=gausmke01&t=p&year=2021')
2025-03-18 14:47:10,998 - INFO - Backing off _fetch(...) for 0.1s (aiohttp.client_exceptions.ClientResponseError: 403, message='Forbidden', url='https://www.baseball-reference.com/players/gl.fcgi?id=francbo01&t=p&year=2020')
2025-03-18 14:47:11,060 - INFO - Backing off _fetch(...) for 0.2s (aiohttp.client_exceptions.ClientResponseError: 403, message='Forbidden', url='https://www.baseball-reference.com/players/gl.fcgi?id=francbo01&t=p&year=2022')
2025-03-18 14:47:11,063 - ERROR - Giving up _fetch(...) after 3 tries (aiohttp.client_exceptions.ClientResponseError: 403, message='Forbidden', url='https://www.baseball-reference.com/players/gl.fcgi?id=gausmke01&t=p&year=2022')
2025-03-18 14:47:11,063 - ERROR - Error fetching gausmke01 2022: 403, message='Forbidden', url='https://www.baseball-reference.com/players/gl.fcgi?id=gausmke01&t=p&year=2022'
2025-03-18 14:47:11,101 - INFO - Backing off _fetch(...) for 0.9s (aiohttp.client_exceptions.ClientResponseError: 403, message='Forbidden', url='https://www.baseball-reference.com/players/gl.fcgi?id=scherma01&t=p&year=2023')
2025-03-18 14:47:11,209 - INFO - Backing off _fetch(...) for 0.0s (aiohttp.client_exceptions.ClientResponseError: 403, message='Forbidden', url='https://www.baseball-reference.com/players/gl.fcgi?id=francbo01&t=p&year=2021')
2025-03-18 14:47:11,210 - INFO - Backing off _fetch(...) for 0.4s (aiohttp.client_exceptions.ClientResponseError: 403, message='Forbidden', url='https://www.baseball-reference.com/players/gl.fcgi?id=berrijo01&t=p&year=2020')
2025-03-18 14:47:11,222 - INFO - Backing off _fetch(...) for 0.6s (aiohttp.client_exceptions.ClientResponseError: 403, message='Forbidden', url='https://www.baseball-reference.com/players/gl.fcgi?id=scherma01&t=p&year=2021')
2025-03-18 14:47:11,224 - INFO - Backing off _fetch(...) for 0.1s (aiohttp.client_exceptions.ClientResponseError: 403, message='Forbidden', url='https://www.baseball-reference.com/players/gl.fcgi?id=bassich01&t=p&year=2020')
2025-03-18 14:47:11,247 - INFO - Backing off _fetch(...) for 0.4s (aiohttp.client_exceptions.ClientResponseError: 403, message='Forbidden', url='https://www.baseball-reference.com/players/gl.fcgi?id=scherma01&t=p&year=2024')
2025-03-18 14:47:11,309 - INFO - Backing off _fetch(...) for 0.4s (aiohttp.client_exceptions.ClientResponseError: 403, message='Forbidden', url='https://www.baseball-reference.com/players/gl.fcgi?id=scherma01&t=p&year=2022')
2025-03-18 14:47:11,996 - INFO - Backing off _fetch(...) for 0.9s (aiohttp.client_exceptions.ClientResponseError: 403, message='Forbidden', url='https://www.baseball-reference.com/players/gl.fcgi?id=francbo01&t=p&year=2022')
2025-03-18 14:47:11,997 - INFO - Backing off _fetch(...) for 0.6s (aiohttp.client_exceptions.ClientResponseError: 403, message='Forbidden', url='https://www.baseball-reference.com/players/gl.fcgi?id=scherma01&t=p&year=2022')
2025-03-18 14:47:12,040 - INFO - Backing off _fetch(...) for 0.7s (aiohttp.client_exceptions.ClientResponseError: 403, message='Forbidden', url='https://www.baseball-reference.com/players/gl.fcgi?id=bassich01&t=p&year=2022')
2025-03-18 14:47:12,134 - INFO - Backing off _fetch(...) for 1.4s (aiohttp.client_exceptions.ClientResponseError: 403, message='Forbidden', url='https://www.baseball-reference.com/players/gl.fcgi?id=francbo01&t=p&year=2020')
2025-03-18 14:47:12,141 - INFO - Backing off _fetch(...) for 0.7s (aiohttp.client_exceptions.ClientResponseError: 403, message='Forbidden', url='https://www.baseball-reference.com/players/gl.fcgi?id=francbo01&t=p&year=2023')
2025-03-18 14:47:12,180 - INFO - Backing off _fetch(...) for 0.6s (aiohttp.client_exceptions.ClientResponseError: 403, message='Forbidden', url='https://www.baseball-reference.com/players/gl.fcgi?id=scherma01&t=p&year=2024')
2025-03-18 14:47:12,185 - INFO - Backing off _fetch(...) for 0.3s (aiohttp.client_exceptions.ClientResponseError: 403, message='Forbidden', url='https://www.baseball-reference.com/players/gl.fcgi?id=francbo01&t=p&year=2024')
2025-03-18 14:47:12,191 - INFO - Backing off _fetch(...) for 0.5s (aiohttp.client_exceptions.ClientResponseError: 403, message='Forbidden', url='https://www.baseball-reference.com/players/gl.fcgi?id=eflinza01&t=p&year=2020')
2025-03-18 14:47:12,291 - ERROR - Giving up _fetch(...) after 3 tries (aiohttp.client_exceptions.ClientResponseError: 403, message='Forbidden', url='https://www.baseball-reference.com/players/gl.fcgi?id=berrijo01&t=p&year=2020')
2025-03-18 14:47:12,292 - ERROR - Error fetching berrijo01 2020: 403, message='Forbidden', url='https://www.baseball-reference.com/players/gl.fcgi?id=berrijo01&t=p&year=2020'
2025-03-18 14:47:12,329 - INFO - Backing off _fetch(...) for 1.5s (aiohttp.client_exceptions.ClientResponseError: 403, message='Forbidden', url='https://www.baseball-reference.com/players/gl.fcgi?id=francbo01&t=p&year=2021')
2025-03-18 14:47:12,992 - ERROR - Giving up _fetch(...) after 3 tries (aiohttp.client_exceptions.ClientResponseError: 403, message='Forbidden', url='https://www.baseball-reference.com/players/gl.fcgi?id=berrijo01&t=p&year=2021')
2025-03-18 14:47:12,992 - ERROR - Error fetching berrijo01 2021: 403, message='Forbidden', url='https://www.baseball-reference.com/players/gl.fcgi?id=berrijo01&t=p&year=2021'
2025-03-18 14:47:13,019 - ERROR - Giving up _fetch(...) after 3 tries (aiohttp.client_exceptions.ClientResponseError: 403, message='Forbidden', url='https://www.baseball-reference.com/players/gl.fcgi?id=gausmke01&t=p&year=2021')
2025-03-18 14:47:13,020 - ERROR - Error fetching gausmke01 2021: 403, message='Forbidden', url='https://www.baseball-reference.com/players/gl.fcgi?id=gausmke01&t=p&year=2021'
2025-03-18 14:47:13,107 - INFO - Backing off _fetch(...) for 0.7s (aiohttp.client_exceptions.ClientResponseError: 403, message='Forbidden', url='https://www.baseball-reference.com/players/gl.fcgi?id=scherma01&t=p&year=2023')
2025-03-18 14:47:13,144 - INFO - Backing off _fetch(...) for 1.0s (aiohttp.client_exceptions.ClientResponseError: 403, message='Forbidden', url='https://www.baseball-reference.com/players/gl.fcgi?id=francbo01&t=p&year=2024')
2025-03-18 14:47:13,227 - ERROR - Giving up _fetch(...) after 3 tries (aiohttp.client_exceptions.ClientResponseError: 403, message='Forbidden', url='https://www.baseball-reference.com/players/gl.fcgi?id=bassich01&t=p&year=2020')
2025-03-18 14:47:13,227 - ERROR - Error fetching bassich01 2020: 403, message='Forbidden', url='https://www.baseball-reference.com/players/gl.fcgi?id=bassich01&t=p&year=2020'
2025-03-18 14:47:13,238 - INFO - Backing off _fetch(...) for 1.1s (aiohttp.client_exceptions.ClientResponseError: 403, message='Forbidden', url='https://www.baseball-reference.com/players/gl.fcgi?id=scherma01&t=p&year=2021')
2025-03-18 14:47:13,265 - INFO - Backing off _fetch(...) for 0.3s (aiohttp.client_exceptions.ClientResponseError: 403, message='Forbidden', url='https://www.baseball-reference.com/players/gl.fcgi?id=eflinza01&t=p&year=2021')
2025-03-18 14:47:13,266 - ERROR - Giving up _fetch(...) after 3 tries (aiohttp.client_exceptions.ClientResponseError: 403, message='Forbidden', url='https://www.baseball-reference.com/players/gl.fcgi?id=gausmke01&t=p&year=2024')
2025-03-18 14:47:13,266 - ERROR - Error fetching gausmke01 2024: 403, message='Forbidden', url='https://www.baseball-reference.com/players/gl.fcgi?id=gausmke01&t=p&year=2024'
2025-03-18 14:47:13,270 - INFO - Backing off _fetch(...) for 1.2s (aiohttp.client_exceptions.ClientResponseError: 403, message='Forbidden', url='https://www.baseball-reference.com/players/gl.fcgi?id=bassich01&t=p&year=2023')
2025-03-18 14:47:13,334 - INFO - Backing off _fetch(...) for 0.2s (aiohttp.client_exceptions.ClientResponseError: 403, message='Forbidden', url='https://www.baseball-reference.com/players/gl.fcgi?id=scherma01&t=p&year=2020')
2025-03-18 14:47:13,992 - INFO - Backing off _fetch(...) for 1.1s (aiohttp.client_exceptions.ClientResponseError: 403, message='Forbidden', url='https://www.baseball-reference.com/players/gl.fcgi?id=bassich01&t=p&year=2021')
2025-03-18 14:47:14,113 - INFO - Backing off _fetch(...) for 1.9s (aiohttp.client_exceptions.ClientResponseError: 403, message='Forbidden', url='https://www.baseball-reference.com/players/gl.fcgi?id=bassich01&t=p&year=2024')
2025-03-18 14:47:14,128 - INFO - Backing off _fetch(...) for 0.9s (aiohttp.client_exceptions.ClientResponseError: 403, message='Forbidden', url='https://www.baseball-reference.com/players/gl.fcgi?id=berrijo01&t=p&year=2024')
2025-03-18 14:47:14,162 - INFO - Backing off _fetch(...) for 0.4s (aiohttp.client_exceptions.ClientResponseError: 403, message='Forbidden', url='https://www.baseball-reference.com/players/gl.fcgi?id=eflinza01&t=p&year=2022')
2025-03-18 14:47:14,184 - INFO - Backing off _fetch(...) for 1.1s (aiohttp.client_exceptions.ClientResponseError: 403, message='Forbidden', url='https://www.baseball-reference.com/players/gl.fcgi?id=berrijo01&t=p&year=2022')
2025-03-18 14:47:14,208 - INFO - Backing off _fetch(...) for 1.6s (aiohttp.client_exceptions.ClientResponseError: 403, message='Forbidden', url='https://www.baseball-reference.com/players/gl.fcgi?id=gausmke01&t=p&year=2020')
2025-03-18 14:47:14,242 - INFO - Backing off _fetch(...) for 0.6s (aiohttp.client_exceptions.ClientResponseError: 403, message='Forbidden', url='https://www.baseball-reference.com/players/gl.fcgi?id=eflinza01&t=p&year=2023')
2025-03-18 14:47:14,258 - INFO - Backing off _fetch(...) for 0.9s (aiohttp.client_exceptions.ClientResponseError: 403, message='Forbidden', url='https://www.baseball-reference.com/players/gl.fcgi?id=eflinza01&t=p&year=2024')
2025-03-18 14:47:14,260 - INFO - Backing off _fetch(...) for 0.9s (aiohttp.client_exceptions.ClientResponseError: 403, message='Forbidden', url='https://www.baseball-reference.com/players/gl.fcgi?id=gausmke01&t=p&year=2023')
2025-03-18 14:47:14,341 - INFO - Backing off _fetch(...) for 0.3s (aiohttp.client_exceptions.ClientResponseError: 403, message='Forbidden', url='https://www.baseball-reference.com/players/gl.fcgi?id=berrijo01&t=p&year=2023')
2025-03-18 14:47:15,007 - ERROR - Giving up _fetch(...) after 3 tries (aiohttp.client_exceptions.ClientResponseError: 403, message='Forbidden', url='https://www.baseball-reference.com/players/gl.fcgi?id=scherma01&t=p&year=2024')
2025-03-18 14:47:15,007 - ERROR - Error fetching scherma01 2024: 403, message='Forbidden', url='https://www.baseball-reference.com/players/gl.fcgi?id=scherma01&t=p&year=2024'
2025-03-18 14:47:15,008 - ERROR - Giving up _fetch(...) after 3 tries (aiohttp.client_exceptions.ClientResponseError: 403, message='Forbidden', url='https://www.baseball-reference.com/players/gl.fcgi?id=francbo01&t=p&year=2021')
2025-03-18 14:47:15,008 - ERROR - Error fetching francbo01 2021: 403, message='Forbidden', url='https://www.baseball-reference.com/players/gl.fcgi?id=francbo01&t=p&year=2021'
2025-03-18 14:47:15,051 - INFO - Backing off _fetch(...) for 1.8s (aiohttp.client_exceptions.ClientResponseError: 403, message='Forbidden', url='https://www.baseball-reference.com/players/gl.fcgi?id=francbo01&t=p&year=2023')
2025-03-18 14:47:15,061 - INFO - Backing off _fetch(...) for 1.2s (aiohttp.client_exceptions.ClientResponseError: 403, message='Forbidden', url='https://www.baseball-reference.com/players/gl.fcgi?id=eflinza01&t=p&year=2022')
2025-03-18 14:47:15,103 - ERROR - Giving up _fetch(...) after 3 tries (aiohttp.client_exceptions.ClientResponseError: 403, message='Forbidden', url='https://www.baseball-reference.com/players/gl.fcgi?id=scherma01&t=p&year=2022')
2025-03-18 14:47:15,103 - ERROR - Error fetching scherma01 2022: 403, message='Forbidden', url='https://www.baseball-reference.com/players/gl.fcgi?id=scherma01&t=p&year=2022'
2025-03-18 14:47:15,148 - ERROR - Giving up _fetch(...) after 3 tries (aiohttp.client_exceptions.ClientResponseError: 403, message='Forbidden', url='https://www.baseball-reference.com/players/gl.fcgi?id=bassich01&t=p&year=2022')
2025-03-18 14:47:15,149 - ERROR - Error fetching bassich01 2022: 403, message='Forbidden', url='https://www.baseball-reference.com/players/gl.fcgi?id=bassich01&t=p&year=2022'
2025-03-18 14:47:15,302 - INFO - Backing off _fetch(...) for 0.1s (aiohttp.client_exceptions.ClientResponseError: 403, message='Forbidden', url='https://www.baseball-reference.com/players/gl.fcgi?id=eflinza01&t=p&year=2021')
2025-03-18 14:47:15,372 - INFO - Backing off _fetch(...) for 1.5s (aiohttp.client_exceptions.ClientResponseError: 403, message='Forbidden', url='https://www.baseball-reference.com/players/gl.fcgi?id=eflinza01&t=p&year=2020')
2025-03-18 14:47:15,383 - ERROR - Giving up _fetch(...) after 3 tries (aiohttp.client_exceptions.ClientResponseError: 403, message='Forbidden', url='https://www.baseball-reference.com/players/gl.fcgi?id=francbo01&t=p&year=2022')
2025-03-18 14:47:15,384 - ERROR - Error fetching francbo01 2022: 403, message='Forbidden', url='https://www.baseball-reference.com/players/gl.fcgi?id=francbo01&t=p&year=2022'
2025-03-18 14:47:15,405 - ERROR - Giving up _fetch(...) after 3 tries (aiohttp.client_exceptions.ClientResponseError: 403, message='Forbidden', url='https://www.baseball-reference.com/players/gl.fcgi?id=scherma01&t=p&year=2023')
2025-03-18 14:47:15,405 - ERROR - Error fetching scherma01 2023: 403, message='Forbidden', url='https://www.baseball-reference.com/players/gl.fcgi?id=scherma01&t=p&year=2023'
2025-03-18 14:47:16,020 - ERROR - Giving up _fetch(...) after 3 tries (aiohttp.client_exceptions.ClientResponseError: 403, message='Forbidden', url='https://www.baseball-reference.com/players/gl.fcgi?id=berrijo01&t=p&year=2023')
2025-03-18 14:47:16,020 - ERROR - Error fetching berrijo01 2023: 403, message='Forbidden', url='https://www.baseball-reference.com/players/gl.fcgi?id=berrijo01&t=p&year=2023'
2025-03-18 14:47:16,025 - ERROR - Giving up _fetch(...) after 3 tries (aiohttp.client_exceptions.ClientResponseError: 403, message='Forbidden', url='https://www.baseball-reference.com/players/gl.fcgi?id=scherma01&t=p&year=2021')
2025-03-18 14:47:16,025 - ERROR - Error fetching scherma01 2021: 403, message='Forbidden', url='https://www.baseball-reference.com/players/gl.fcgi?id=scherma01&t=p&year=2021'
2025-03-18 14:47:16,033 - ERROR - Giving up _fetch(...) after 3 tries (aiohttp.client_exceptions.ClientResponseError: 403, message='Forbidden', url='https://www.baseball-reference.com/players/gl.fcgi?id=scherma01&t=p&year=2020')
2025-03-18 14:47:16,033 - ERROR - Error fetching scherma01 2020: 403, message='Forbidden', url='https://www.baseball-reference.com/players/gl.fcgi?id=scherma01&t=p&year=2020'
2025-03-18 14:47:16,048 - ERROR - Giving up _fetch(...) after 3 tries (aiohttp.client_exceptions.ClientResponseError: 403, message='Forbidden', url='https://www.baseball-reference.com/players/gl.fcgi?id=bassich01&t=p&year=2021')
2025-03-18 14:47:16,048 - ERROR - Error fetching bassich01 2021: 403, message='Forbidden', url='https://www.baseball-reference.com/players/gl.fcgi?id=bassich01&t=p&year=2021'
2025-03-18 14:47:16,081 - ERROR - Giving up _fetch(...) after 3 tries (aiohttp.client_exceptions.ClientResponseError: 403, message='Forbidden', url='https://www.baseball-reference.com/players/gl.fcgi?id=francbo01&t=p&year=2024')
2025-03-18 14:47:16,081 - ERROR - Error fetching francbo01 2024: 403, message='Forbidden', url='https://www.baseball-reference.com/players/gl.fcgi?id=francbo01&t=p&year=2024'
2025-03-18 14:47:16,102 - INFO - Backing off _fetch(...) for 0.1s (aiohttp.client_exceptions.ClientResponseError: 403, message='Forbidden', url='https://www.baseball-reference.com/players/gl.fcgi?id=eflinza01&t=p&year=2023')
2025-03-18 14:47:16,112 - ERROR - Giving up _fetch(...) after 3 tries (aiohttp.client_exceptions.ClientResponseError: 403, message='Forbidden', url='https://www.baseball-reference.com/players/gl.fcgi?id=gausmke01&t=p&year=2020')
2025-03-18 14:47:16,112 - ERROR - Error fetching gausmke01 2020: 403, message='Forbidden', url='https://www.baseball-reference.com/players/gl.fcgi?id=gausmke01&t=p&year=2020'
2025-03-18 14:47:16,117 - ERROR - Giving up _fetch(...) after 3 tries (aiohttp.client_exceptions.ClientResponseError: 403, message='Forbidden', url='https://www.baseball-reference.com/players/gl.fcgi?id=gausmke01&t=p&year=2023')
2025-03-18 14:47:16,117 - ERROR - Error fetching gausmke01 2023: 403, message='Forbidden', url='https://www.baseball-reference.com/players/gl.fcgi?id=gausmke01&t=p&year=2023'
2025-03-18 14:47:16,284 - ERROR - Giving up _fetch(...) after 3 tries (aiohttp.client_exceptions.ClientResponseError: 403, message='Forbidden', url='https://www.baseball-reference.com/players/gl.fcgi?id=bassich01&t=p&year=2023')
2025-03-18 14:47:16,285 - ERROR - Error fetching bassich01 2023: 403, message='Forbidden', url='https://www.baseball-reference.com/players/gl.fcgi?id=bassich01&t=p&year=2023'
2025-03-18 14:47:16,314 - ERROR - Giving up _fetch(...) after 3 tries (aiohttp.client_exceptions.ClientResponseError: 403, message='Forbidden', url='https://www.baseball-reference.com/players/gl.fcgi?id=francbo01&t=p&year=2020')
2025-03-18 14:47:16,314 - ERROR - Error fetching francbo01 2020: 403, message='Forbidden', url='https://www.baseball-reference.com/players/gl.fcgi?id=francbo01&t=p&year=2020'
2025-03-18 14:47:17,019 - ERROR - Giving up _fetch(...) after 3 tries (aiohttp.client_exceptions.ClientResponseError: 403, message='Forbidden', url='https://www.baseball-reference.com/players/gl.fcgi?id=francbo01&t=p&year=2023')
2025-03-18 14:47:17,019 - ERROR - Error fetching francbo01 2023: 403, message='Forbidden', url='https://www.baseball-reference.com/players/gl.fcgi?id=francbo01&t=p&year=2023'
2025-03-18 14:47:17,130 - ERROR - Giving up _fetch(...) after 3 tries (aiohttp.client_exceptions.ClientResponseError: 403, message='Forbidden', url='https://www.baseball-reference.com/players/gl.fcgi?id=eflinza01&t=p&year=2022')
2025-03-18 14:47:17,130 - ERROR - Error fetching eflinza01 2022: 403, message='Forbidden', url='https://www.baseball-reference.com/players/gl.fcgi?id=eflinza01&t=p&year=2022'
2025-03-18 14:47:17,207 - ERROR - Giving up _fetch(...) after 3 tries (aiohttp.client_exceptions.ClientResponseError: 403, message='Forbidden', url='https://www.baseball-reference.com/players/gl.fcgi?id=berrijo01&t=p&year=2024')
2025-03-18 14:47:17,207 - ERROR - Error fetching berrijo01 2024: 403, message='Forbidden', url='https://www.baseball-reference.com/players/gl.fcgi?id=berrijo01&t=p&year=2024'
2025-03-18 14:47:17,247 - ERROR - Giving up _fetch(...) after 3 tries (aiohttp.client_exceptions.ClientResponseError: 403, message='Forbidden', url='https://www.baseball-reference.com/players/gl.fcgi?id=eflinza01&t=p&year=2021')
2025-03-18 14:47:17,247 - ERROR - Error fetching eflinza01 2021: 403, message='Forbidden', url='https://www.baseball-reference.com/players/gl.fcgi?id=eflinza01&t=p&year=2021'
2025-03-18 14:47:17,289 - ERROR - Giving up _fetch(...) after 3 tries (aiohttp.client_exceptions.ClientResponseError: 403, message='Forbidden', url='https://www.baseball-reference.com/players/gl.fcgi?id=bassich01&t=p&year=2024')
2025-03-18 14:47:17,290 - ERROR - Error fetching bassich01 2024: 403, message='Forbidden', url='https://www.baseball-reference.com/players/gl.fcgi?id=bassich01&t=p&year=2024'
2025-03-18 14:47:17,311 - ERROR - Giving up _fetch(...) after 3 tries (aiohttp.client_exceptions.ClientResponseError: 403, message='Forbidden', url='https://www.baseball-reference.com/players/gl.fcgi?id=eflinza01&t=p&year=2023')
2025-03-18 14:47:17,311 - ERROR - Error fetching eflinza01 2023: 403, message='Forbidden', url='https://www.baseball-reference.com/players/gl.fcgi?id=eflinza01&t=p&year=2023'
2025-03-18 14:47:17,382 - INFO - Backing off _fetch(...) for 0.9s (aiohttp.client_exceptions.ClientResponseError: 403, message='Forbidden', url='https://www.baseball-reference.com/players/gl.fcgi?id=eflinza01&t=p&year=2024')
2025-03-18 14:47:17,405 - ERROR - Giving up _fetch(...) after 3 tries (aiohttp.client_exceptions.ClientResponseError: 403, message='Forbidden', url='https://www.baseball-reference.com/players/gl.fcgi?id=berrijo01&t=p&year=2022')
2025-03-18 14:47:17,407 - ERROR - Error fetching berrijo01 2022: 403, message='Forbidden', url='https://www.baseball-reference.com/players/gl.fcgi?id=berrijo01&t=p&year=2022'
2025-03-18 14:47:17,423 - ERROR - Giving up _fetch(...) after 3 tries (aiohttp.client_exceptions.ClientResponseError: 403, message='Forbidden', url='https://www.baseball-reference.com/players/gl.fcgi?id=eflinza01&t=p&year=2020')
2025-03-18 14:47:17,423 - ERROR - Error fetching eflinza01 2020: 403, message='Forbidden', url='https://www.baseball-reference.com/players/gl.fcgi?id=eflinza01&t=p&year=2020'
